daemon started
2023/06/28 19:32:38 &{<nil> map[outsider:app:0xc0004581e0 outsider:kernel:0xc000014c60 student:0xc0004272a0] map[outsider:app:0xc00044a640 outsider:kernel:0xc000014c68 student:0xc0004272c0] {{0 0} 0 0 {{} 0} {{} 0}}}
2023/06/28 19:32:39 &{<nil> map[outsider:app:0xc0004581e0 outsider:kernel:0xc000014c60 student:0xc0004272a0] map[outsider:app:0xc00044a640 outsider:kernel:0xc000014c68 student:0xc0004272c0] {{0 0} 0 0 {{} 0} {{} 0}}}
2023/06/28 19:32:40 &{<nil> map[outsider:app:0xc0004581e0 outsider:kernel:0xc000014c60 student:0xc0004272a0] map[outsider:app:0xc00044a640 outsider:kernel:0xc000014c68 student:0xc0004272c0] {{0 0} 0 0 {{} 0} {{} 0}}}
2023/06/28 19:32:41 &{<nil> map[outsider:app:0xc0004581e0 outsider:kernel:0xc000014c60 student:0xc0004272a0] map[outsider:app:0xc00044a640 outsider:kernel:0xc000014c68 student:0xc0004272c0] {{0 0} 0 0 {{} 0} {{} 0}}}
2023/06/28 19:32:42 &{<nil> map[outsider:app:0xc0004581e0 outsider:kernel:0xc000014c60 student:0xc0004272a0] map[outsider:app:0xc00044a640 outsider:kernel:0xc000014c68 student:0xc0004272c0] {{0 0} 0 0 {{} 0} {{} 0}}}
2023/06/28 19:32:43 &{<nil> map[outsider:app:0xc0004581e0 outsider:kernel:0xc000014c60 student:0xc0004272a0] map[outsider:app:0xc00044a640 outsider:kernel:0xc000014c68 student:0xc0004272c0] {{0 0} 0 0 {{} 0} {{} 0}}}
2023/06/28 19:32:44 &{<nil> map[outsider:app:0xc0004581e0 outsider:kernel:0xc000014c60 student:0xc0004272a0] map[outsider:app:0xc00044a640 outsider:kernel:0xc000014c68 student:0xc0004272c0] {{0 0} 0 0 {{} 0} {{} 0}}}
2023/06/28 19:32:45 &{<nil> map[outsider:app:0xc0004581e0 outsider:kernel:0xc000014c60 student:0xc0004272a0] map[outsider:app:0xc00044a640 outsider:kernel:0xc000014c68 student:0xc0004272c0] {{0 0} 0 0 {{} 0} {{} 0}}}
2023/06/28 19:32:46 &{<nil> map[outsider:app:0xc0004581e0 outsider:kernel:0xc000014c60 student:0xc0004272a0] map[outsider:app:0xc00044a640 outsider:kernel:0xc000014c68 student:0xc0004272c0] {{0 0} 0 0 {{} 0} {{} 0}}}
2023/06/28 19:32:47 &{<nil> map[outsider:app:0xc0004581e0 outsider:kernel:0xc000014c60 student:0xc0004272a0] map[outsider:app:0xc00044a640 outsider:kernel:0xc000014c68 student:0xc0004272c0] {{0 0} 0 0 {{} 0} {{} 0}}}
2023/06/28 19:32:48 &{<nil> map[outsider:app:0xc0004581e0 outsider:kernel:0xc000014c60 student:0xc0004272a0] map[outsider:app:0xc00044a640 outsider:kernel:0xc000014c68 student:0xc0004272c0] {{0 0} 0 0 {{} 0} {{} 0}}}
2023/06/28 19:32:49 &{<nil> map[outsider:app:0xc0004581e0 outsider:kernel:0xc000014c60 student:0xc0004272a0] map[outsider:app:0xc00044a640 outsider:kernel:0xc000014c68 student:0xc0004272c0] {{0 0} 0 0 {{} 0} {{} 0}}}
2023/06/28 19:32:50 &{<nil> map[outsider:app:0xc0004581e0 outsider:kernel:0xc000014c60 student:0xc0004272a0] map[outsider:app:0xc00044a640 outsider:kernel:0xc000014c68 student:0xc0004272c0] {{0 0} 0 0 {{} 0} {{} 0}}}
2023/06/28 19:32:51 &{<nil> map[outsider:app:0xc0004581e0 outsider:kernel:0xc000014c60 student:0xc0004272a0] map[outsider:app:0xc00044a640 outsider:kernel:0xc000014c68 student:0xc0004272c0] {{0 0} 0 0 {{} 0} {{} 0}}}
2023/06/28 19:32:52 &{<nil> map[outsider:app:0xc0004581e0 outsider:kernel:0xc000014c60 student:0xc0004272a0] map[outsider:app:0xc00044a640 outsider:kernel:0xc000014c68 student:0xc0004272c0] {{0 0} 0 0 {{} 0} {{} 0}}}
2023/06/28 19:32:53 &{<nil> map[outsider:app:0xc0004581e0 outsider:kernel:0xc000014c60 student:0xc0004272a0] map[outsider:app:0xc00044a640 outsider:kernel:0xc000014c68 student:0xc0004272c0] {{0 0} 0 0 {{} 0} {{} 0}}}
2023/06/28 19:32:54 &{<nil> map[outsider:app:0xc0004581e0 outsider:kernel:0xc000014c60 student:0xc0004272a0] map[outsider:app:0xc00044a640 outsider:kernel:0xc000014c68 student:0xc0004272c0] {{0 0} 0 0 {{} 0} {{} 0}}}
2023/06/28 19:32:55 &{<nil> map[outsider:app:0xc0004581e0 outsider:kernel:0xc000014c60 student:0xc0004272a0] map[outsider:app:0xc00044a640 outsider:kernel:0xc000014c68 student:0xc0004272c0] {{0 0} 0 0 {{} 0} {{} 0}}}
2023/06/28 19:32:56 &{<nil> map[outsider:app:0xc0004581e0 outsider:kernel:0xc000014c60 student:0xc0004272a0] map[outsider:app:0xc00044a640 outsider:kernel:0xc000014c68 student:0xc0004272c0] {{0 0} 0 0 {{} 0} {{} 0}}}
2023/06/28 19:32:57 &{<nil> map[outsider:app:0xc0004581e0 outsider:kernel:0xc000014c60 student:0xc0004272a0] map[outsider:app:0xc00044a640 outsider:kernel:0xc000014c68 student:0xc0004272c0] {{0 0} 0 0 {{} 0} {{} 0}}}
2023/06/28 19:32:58 &{<nil> map[outsider:app:0xc0004581e0 outsider:kernel:0xc000014c60 student:0xc0004272a0] map[outsider:app:0xc00044a640 outsider:kernel:0xc000014c68 student:0xc0004272c0] {{0 0} 0 0 {{} 0} {{} 0}}}
2023/06/28 19:32:59 &{<nil> map[outsider:app:0xc0004581e0 outsider:kernel:0xc000014c60 student:0xc0004272a0] map[outsider:app:0xc00044a640 outsider:kernel:0xc000014c68 student:0xc0004272c0] {{0 0} 0 0 {{} 0} {{} 0}}}
2023/06/28 19:33:00 &{<nil> map[outsider:app:0xc0004581e0 outsider:kernel:0xc000014c60 student:0xc0004272a0] map[outsider:app:0xc00044a640 outsider:kernel:0xc000014c68 student:0xc0004272c0] {{0 0} 0 0 {{} 0} {{} 0}}}
2023/06/28 19:33:01 &{<nil> map[outsider:app:0xc0004581e0 outsider:kernel:0xc000014c60 student:0xc0004272a0] map[outsider:app:0xc00044a640 outsider:kernel:0xc000014c68 student:0xc0004272c0] {{0 0} 0 0 {{} 0} {{} 0}}}
2023/06/28 19:33:02 &{<nil> map[outsider:app:0xc0004581e0 outsider:kernel:0xc000014c60 student:0xc0004272a0] map[outsider:app:0xc00044a640 outsider:kernel:0xc000014c68 student:0xc0004272c0] {{0 0} 0 0 {{} 0} {{} 0}}}
2023/06/28 19:33:03 &{<nil> map[outsider:app:0xc0004581e0 outsider:kernel:0xc000014c60 student:0xc0004272a0] map[outsider:app:0xc00044a640 outsider:kernel:0xc000014c68 student:0xc0004272c0] {{0 0} 0 0 {{} 0} {{} 0}}}
2023/06/28 19:33:04 &{<nil> map[outsider:app:0xc0004581e0 outsider:kernel:0xc000014c60 student:0xc0004272a0] map[outsider:app:0xc00044a640 outsider:kernel:0xc000014c68 student:0xc0004272c0] {{0 0} 0 0 {{} 0} {{} 0}}}
2023/06/28 19:33:05 &{<nil> map[outsider:app:0xc0004581e0 outsider:kernel:0xc000014c60 student:0xc0004272a0] map[outsider:app:0xc00044a640 outsider:kernel:0xc000014c68 student:0xc0004272c0] {{0 0} 0 0 {{} 0} {{} 0}}}
2023/06/28 19:33:06 &{<nil> map[outsider:app:0xc0004581e0 outsider:kernel:0xc000014c60 student:0xc0004272a0] map[outsider:app:0xc00044a640 outsider:kernel:0xc000014c68 student:0xc0004272c0] {{0 0} 0 0 {{} 0} {{} 0}}}
2023/06/28 19:33:07 &{<nil> map[outsider:app:0xc0004581e0 outsider:kernel:0xc000014c60 student:0xc0004272a0] map[outsider:app:0xc00044a640 outsider:kernel:0xc000014c68 student:0xc0004272c0] {{0 0} 0 0 {{} 0} {{} 0}}}
2023/06/28 19:33:08 &{<nil> map[outsider:app:0xc0004581e0 outsider:kernel:0xc000014c60 student:0xc0004272a0] map[outsider:app:0xc00044a640 outsider:kernel:0xc000014c68 student:0xc0004272c0] {{0 0} 0 0 {{} 0} {{} 0}}}
2023/06/28 19:33:09 &{<nil> map[outsider:app:0xc0004581e0 outsider:kernel:0xc000014c60 student:0xc0004272a0] map[outsider:app:0xc00044a640 outsider:kernel:0xc000014c68 student:0xc0004272c0] {{0 0} 0 0 {{} 0} {{} 0}}}
2023/06/28 19:33:10 &{<nil> map[outsider:app:0xc0004581e0 outsider:kernel:0xc000014c60 student:0xc0004272a0] map[outsider:app:0xc00044a640 outsider:kernel:0xc000014c68 student:0xc0004272c0] {{0 0} 0 0 {{} 0} {{} 0}}}
2023/06/28 19:33:11 &{<nil> map[outsider:app:0xc0004581e0 outsider:kernel:0xc000014c60 student:0xc0004272a0] map[outsider:app:0xc00044a640 outsider:kernel:0xc000014c68 student:0xc0004272c0] {{0 0} 0 0 {{} 0} {{} 0}}}
2023/06/28 19:33:12 &{<nil> map[outsider:app:0xc0004581e0 outsider:kernel:0xc000014c60 student:0xc0004272a0] map[outsider:app:0xc00044a640 outsider:kernel:0xc000014c68 student:0xc0004272c0] {{0 0} 0 0 {{} 0} {{} 0}}}
2023/06/28 19:33:13 &{<nil> map[outsider:app:0xc0004581e0 outsider:kernel:0xc000014c60 student:0xc0004272a0] map[outsider:app:0xc00044a640 outsider:kernel:0xc000014c68 student:0xc0004272c0] {{0 0} 0 0 {{} 0} {{} 0}}}
2023/06/28 19:33:14 &{<nil> map[outsider:app:0xc0004581e0 outsider:kernel:0xc000014c60 student:0xc0004272a0] map[outsider:app:0xc00044a640 outsider:kernel:0xc000014c68 student:0xc0004272c0] {{0 0} 0 0 {{} 0} {{} 0}}}
2023/06/28 19:33:15 &{<nil> map[outsider:app:0xc0004581e0 outsider:kernel:0xc000014c60 student:0xc0004272a0] map[outsider:app:0xc00044a640 outsider:kernel:0xc000014c68 student:0xc0004272c0] {{0 0} 0 0 {{} 0} {{} 0}}}
2023/06/28 19:33:16 &{<nil> map[outsider:app:0xc0004581e0 outsider:kernel:0xc000014c60 student:0xc0004272a0] map[outsider:app:0xc00044a640 outsider:kernel:0xc000014c68 student:0xc0004272c0] {{0 0} 0 0 {{} 0} {{} 0}}}
2023/06/28 19:33:17 &{<nil> map[outsider:app:0xc0004581e0 outsider:kernel:0xc000014c60 student:0xc0004272a0] map[outsider:app:0xc00044a640 outsider:kernel:0xc000014c68 student:0xc0004272c0] {{0 0} 0 0 {{} 0} {{} 0}}}
2023/06/28 19:33:18 &{<nil> map[outsider:app:0xc0004581e0 outsider:kernel:0xc000014c60 student:0xc0004272a0] map[outsider:app:0xc00044a640 outsider:kernel:0xc000014c68 student:0xc0004272c0] {{0 0} 0 0 {{} 0} {{} 0}}}
2023/06/28 19:33:19 &{<nil> map[outsider:app:0xc0004581e0 outsider:kernel:0xc000014c60 student:0xc0004272a0] map[outsider:app:0xc00044a640 outsider:kernel:0xc000014c68 student:0xc0004272c0] {{0 0} 0 0 {{} 0} {{} 0}}}
2023/06/28 19:33:20 &{<nil> map[outsider:app:0xc0004581e0 outsider:kernel:0xc000014c60 student:0xc0004272a0] map[outsider:app:0xc00044a640 outsider:kernel:0xc000014c68 student:0xc0004272c0] {{0 0} 0 0 {{} 0} {{} 0}}}
2023/06/28 19:33:21 &{<nil> map[outsider:app:0xc0004581e0 outsider:kernel:0xc000014c60 student:0xc0004272a0] map[outsider:app:0xc00044a640 outsider:kernel:0xc000014c68 student:0xc0004272c0] {{0 0} 0 0 {{} 0} {{} 0}}}
2023/06/28 19:33:22 &{<nil> map[outsider:app:0xc0004581e0 outsider:kernel:0xc000014c60 student:0xc0004272a0] map[outsider:app:0xc00044a640 outsider:kernel:0xc000014c68 student:0xc0004272c0] {{0 0} 0 0 {{} 0} {{} 0}}}
2023/06/28 19:33:23 &{<nil> map[outsider:app:0xc0004581e0 outsider:kernel:0xc000014c60 student:0xc0004272a0] map[outsider:app:0xc00044a640 outsider:kernel:0xc000014c68 student:0xc0004272c0] {{0 0} 0 0 {{} 0} {{} 0}}}
2023/06/28 19:33:24 &{<nil> map[outsider:app:0xc0004581e0 outsider:kernel:0xc000014c60 student:0xc0004272a0] map[outsider:app:0xc00044a640 outsider:kernel:0xc000014c68 student:0xc0004272c0] {{0 0} 0 0 {{} 0} {{} 0}}}
2023/06/28 19:33:25 &{<nil> map[outsider:app:0xc0004581e0 outsider:kernel:0xc000014c60 student:0xc0004272a0] map[outsider:app:0xc00044a640 outsider:kernel:0xc000014c68 student:0xc0004272c0] {{0 0} 0 0 {{} 0} {{} 0}}}
2023/06/28 19:33:26 &{<nil> map[outsider:app:0xc0004581e0 outsider:kernel:0xc000014c60 student:0xc0004272a0] map[outsider:app:0xc00044a640 outsider:kernel:0xc000014c68 student:0xc0004272c0] {{0 0} 0 0 {{} 0} {{} 0}}}
2023/06/28 19:33:27 &{<nil> map[outsider:app:0xc0004581e0 outsider:kernel:0xc000014c60 student:0xc0004272a0] map[outsider:app:0xc00044a640 outsider:kernel:0xc000014c68 student:0xc0004272c0] {{0 0} 0 0 {{} 0} {{} 0}}}
2023/06/28 19:33:28 &{<nil> map[outsider:app:0xc0004581e0 outsider:kernel:0xc000014c60 student:0xc0004272a0] map[outsider:app:0xc00044a640 outsider:kernel:0xc000014c68 student:0xc0004272c0] {{0 0} 0 0 {{} 0} {{} 0}}}
2023/06/28 19:33:29 &{<nil> map[outsider:app:0xc0004581e0 outsider:kernel:0xc000014c60 student:0xc0004272a0] map[outsider:app:0xc00044a640 outsider:kernel:0xc000014c68 student:0xc0004272c0] {{0 0} 0 0 {{} 0} {{} 0}}}
2023/06/28 19:33:30 &{<nil> map[outsider:app:0xc0004581e0 outsider:kernel:0xc000014c60 student:0xc0004272a0] map[outsider:app:0xc00044a640 outsider:kernel:0xc000014c68 student:0xc0004272c0] {{0 0} 0 0 {{} 0} {{} 0}}}
2023/06/28 19:33:31 &{<nil> map[outsider:app:0xc0004581e0 outsider:kernel:0xc000014c60 student:0xc0004272a0] map[outsider:app:0xc00044a640 outsider:kernel:0xc000014c68 student:0xc0004272c0] {{0 0} 0 0 {{} 0} {{} 0}}}
2023/06/28 19:33:32 &{<nil> map[outsider:app:0xc0004581e0 outsider:kernel:0xc000014c60 student:0xc0004272a0] map[outsider:app:0xc00044a640 outsider:kernel:0xc000014c68 student:0xc0004272c0] {{0 0} 0 0 {{} 0} {{} 0}}}
2023/06/28 19:33:33 &{<nil> map[outsider:app:0xc0004581e0 outsider:kernel:0xc000014c60 student:0xc0004272a0] map[outsider:app:0xc00044a640 outsider:kernel:0xc000014c68 student:0xc0004272c0] {{0 0} 0 0 {{} 0} {{} 0}}}
2023/06/28 19:33:34 &{<nil> map[outsider:app:0xc0004581e0 outsider:kernel:0xc000014c60 student:0xc0004272a0] map[outsider:app:0xc00044a640 outsider:kernel:0xc000014c68 student:0xc0004272c0] {{0 0} 0 0 {{} 0} {{} 0}}}
2023/06/28 19:33:35 &{<nil> map[outsider:app:0xc0004581e0 outsider:kernel:0xc000014c60 student:0xc0004272a0] map[outsider:app:0xc00044a640 outsider:kernel:0xc000014c68 student:0xc0004272c0] {{0 0} 0 0 {{} 0} {{} 0}}}
2023/06/28 19:33:36 &{<nil> map[outsider:app:0xc0004581e0 outsider:kernel:0xc000014c60 student:0xc0004272a0] map[outsider:app:0xc00044a640 outsider:kernel:0xc000014c68 student:0xc0004272c0] {{0 0} 0 0 {{} 0} {{} 0}}}
2023/06/28 19:33:37 &{<nil> map[outsider:app:0xc0004581e0 outsider:kernel:0xc000014c60 student:0xc0004272a0] map[outsider:app:0xc00044a640 outsider:kernel:0xc000014c68 student:0xc0004272c0] {{0 0} 0 0 {{} 0} {{} 0}}}
2023/06/28 19:33:38 &{<nil> map[outsider:app:0xc0004581e0 outsider:kernel:0xc000014c60 student:0xc0004272a0] map[outsider:app:0xc00044a640 outsider:kernel:0xc000014c68 student:0xc0004272c0] {{0 0} 0 0 {{} 0} {{} 0}}}
2023/06/28 19:33:39 &{<nil> map[outsider:app:0xc0004581e0 outsider:kernel:0xc000014c60 student:0xc0004272a0] map[outsider:app:0xc00044a640 outsider:kernel:0xc000014c68 student:0xc0004272c0] {{0 0} 0 0 {{} 0} {{} 0}}}
2023/06/28 19:33:40 &{<nil> map[outsider:app:0xc0004581e0 outsider:kernel:0xc000014c60 student:0xc0004272a0] map[outsider:app:0xc00044a640 outsider:kernel:0xc000014c68 student:0xc0004272c0] {{0 0} 0 0 {{} 0} {{} 0}}}
2023/06/28 19:33:41 &{<nil> map[outsider:app:0xc0004581e0 outsider:kernel:0xc000014c60 student:0xc0004272a0] map[outsider:app:0xc00044a640 outsider:kernel:0xc000014c68 student:0xc0004272c0] {{0 0} 0 0 {{} 0} {{} 0}}}
2023/06/28 19:33:42 &{<nil> map[outsider:app:0xc0004581e0 outsider:kernel:0xc000014c60 student:0xc0004272a0] map[outsider:app:0xc00044a640 outsider:kernel:0xc000014c68 student:0xc0004272c0] {{0 0} 0 0 {{} 0} {{} 0}}}
2023/06/28 19:33:43 &{<nil> map[outsider:app:0xc0004581e0 outsider:kernel:0xc000014c60 student:0xc0004272a0] map[outsider:app:0xc00044a640 outsider:kernel:0xc000014c68 student:0xc0004272c0] {{0 0} 0 0 {{} 0} {{} 0}}}
2023/06/28 19:33:44 &{<nil> map[outsider:app:0xc0004581e0 outsider:kernel:0xc000014c60 student:0xc0004272a0] map[outsider:app:0xc00044a640 outsider:kernel:0xc000014c68 student:0xc0004272c0] {{0 0} 0 0 {{} 0} {{} 0}}}
2023/06/28 19:33:45 &{<nil> map[outsider:app:0xc0004581e0 outsider:kernel:0xc000014c60 student:0xc0004272a0] map[outsider:app:0xc00044a640 outsider:kernel:0xc000014c68 student:0xc0004272c0] {{0 0} 0 0 {{} 0} {{} 0}}}
2023/06/28 19:33:46 &{<nil> map[outsider:app:0xc0004581e0 outsider:kernel:0xc000014c60 student:0xc0004272a0] map[outsider:app:0xc00044a640 outsider:kernel:0xc000014c68 student:0xc0004272c0] {{0 0} 0 0 {{} 0} {{} 0}}}
2023/06/28 19:33:47 &{<nil> map[outsider:app:0xc0004581e0 outsider:kernel:0xc000014c60 student:0xc0004272a0] map[outsider:app:0xc00044a640 outsider:kernel:0xc000014c68 student:0xc0004272c0] {{0 0} 0 0 {{} 0} {{} 0}}}
2023/06/28 19:33:48 &{<nil> map[outsider:app:0xc0004581e0 outsider:kernel:0xc000014c60 student:0xc0004272a0] map[outsider:app:0xc00044a640 outsider:kernel:0xc000014c68 student:0xc0004272c0] {{0 0} 0 0 {{} 0} {{} 0}}}
2023/06/28 19:33:49 &{<nil> map[outsider:app:0xc0004581e0 outsider:kernel:0xc000014c60 student:0xc0004272a0] map[outsider:app:0xc00044a640 outsider:kernel:0xc000014c68 student:0xc0004272c0] {{0 0} 0 0 {{} 0} {{} 0}}}
2023/06/28 19:33:50 &{<nil> map[outsider:app:0xc0004581e0 outsider:kernel:0xc000014c60 student:0xc0004272a0] map[outsider:app:0xc00044a640 outsider:kernel:0xc000014c68 student:0xc0004272c0] {{0 0} 0 0 {{} 0} {{} 0}}}
2023/06/28 19:33:51 &{<nil> map[outsider:app:0xc0004581e0 outsider:kernel:0xc000014c60 student:0xc0004272a0] map[outsider:app:0xc00044a640 outsider:kernel:0xc000014c68 student:0xc0004272c0] {{0 0} 0 0 {{} 0} {{} 0}}}
2023/06/28 19:33:52 &{<nil> map[outsider:app:0xc0004581e0 outsider:kernel:0xc000014c60 student:0xc0004272a0] map[outsider:app:0xc00044a640 outsider:kernel:0xc000014c68 student:0xc0004272c0] {{0 0} 0 0 {{} 0} {{} 0}}}
2023/06/28 19:33:53 &{<nil> map[outsider:app:0xc0004581e0 outsider:kernel:0xc000014c60 student:0xc0004272a0] map[outsider:app:0xc00044a640 outsider:kernel:0xc000014c68 student:0xc0004272c0] {{0 0} 0 0 {{} 0} {{} 0}}}
2023/06/28 19:33:54 &{<nil> map[outsider:app:0xc0004581e0 outsider:kernel:0xc000014c60 student:0xc0004272a0] map[outsider:app:0xc00044a640 outsider:kernel:0xc000014c68 student:0xc0004272c0] {{0 0} 0 0 {{} 0} {{} 0}}}
2023/06/28 19:33:55 &{<nil> map[outsider:app:0xc0004581e0 outsider:kernel:0xc000014c60 student:0xc0004272a0] map[outsider:app:0xc00044a640 outsider:kernel:0xc000014c68 student:0xc0004272c0] {{0 0} 0 0 {{} 0} {{} 0}}}
2023/06/28 19:33:56 &{<nil> map[outsider:app:0xc0004581e0 outsider:kernel:0xc000014c60 student:0xc0004272a0] map[outsider:app:0xc00044a640 outsider:kernel:0xc000014c68 student:0xc0004272c0] {{0 0} 0 0 {{} 0} {{} 0}}}
2023/06/28 19:33:57 &{<nil> map[outsider:app:0xc0004581e0 outsider:kernel:0xc000014c60 student:0xc0004272a0] map[outsider:app:0xc00044a640 outsider:kernel:0xc000014c68 student:0xc0004272c0] {{0 0} 0 0 {{} 0} {{} 0}}}
2023/06/28 19:33:58 &{<nil> map[outsider:app:0xc0004581e0 outsider:kernel:0xc000014c60 student:0xc0004272a0] map[outsider:app:0xc00044a640 outsider:kernel:0xc000014c68 student:0xc0004272c0] {{0 0} 0 0 {{} 0} {{} 0}}}
2023/06/28 19:33:59 &{<nil> map[outsider:app:0xc0004581e0 outsider:kernel:0xc000014c60 student:0xc0004272a0] map[outsider:app:0xc00044a640 outsider:kernel:0xc000014c68 student:0xc0004272c0] {{0 0} 0 0 {{} 0} {{} 0}}}
2023/06/28 19:34:00 &{<nil> map[outsider:app:0xc0004581e0 outsider:kernel:0xc000014c60 student:0xc0004272a0] map[outsider:app:0xc00044a640 outsider:kernel:0xc000014c68 student:0xc0004272c0] {{0 0} 0 0 {{} 0} {{} 0}}}
2023/06/28 19:34:01 &{<nil> map[outsider:app:0xc0004581e0 outsider:kernel:0xc000014c60 student:0xc0004272a0] map[outsider:app:0xc00044a640 outsider:kernel:0xc000014c68 student:0xc0004272c0] {{0 0} 0 0 {{} 0} {{} 0}}}
2023/06/28 19:34:02 &{<nil> map[outsider:app:0xc0004581e0 outsider:kernel:0xc000014c60 student:0xc0004272a0] map[outsider:app:0xc00044a640 outsider:kernel:0xc000014c68 student:0xc0004272c0] {{0 0} 0 0 {{} 0} {{} 0}}}
2023/06/28 19:34:03 &{<nil> map[outsider:app:0xc0004581e0 outsider:kernel:0xc000014c60 student:0xc0004272a0] map[outsider:app:0xc00044a640 outsider:kernel:0xc000014c68 student:0xc0004272c0] {{0 0} 0 0 {{} 0} {{} 0}}}
daemon started
2023/06/28 19:34:39 &{<nil> map[outsider:app:0xc00047c1c0 outsider:kernel:0xc000136c50 student:0xc00044b280] map[outsider:app:0xc0004765c0 outsider:kernel:0xc000136c58 student:0xc00044b2a0] {{0 0} 0 0 {{} 0} {{} 0}}}
2023/06/28 19:34:40 &{<nil> map[outsider:app:0xc00047c1c0 outsider:kernel:0xc000136c50 student:0xc00044b280] map[outsider:app:0xc0004765c0 outsider:kernel:0xc000136c58 student:0xc00044b2a0] {{0 0} 0 0 {{} 0} {{} 0}}}
2023/06/28 19:34:41 &{<nil> map[outsider:app:0xc00047c1c0 outsider:kernel:0xc000136c50 student:0xc00044b280] map[outsider:app:0xc0004765c0 outsider:kernel:0xc000136c58 student:0xc00044b2a0] {{0 0} 0 0 {{} 0} {{} 0}}}
2023/06/28 19:34:42 &{<nil> map[outsider:app:0xc00047c1c0 outsider:kernel:0xc000136c50 student:0xc00044b280] map[outsider:app:0xc0004765c0 outsider:kernel:0xc000136c58 student:0xc00044b2a0] {{0 0} 0 0 {{} 0} {{} 0}}}
2023/06/28 19:34:43 &{<nil> map[outsider:app:0xc00047c1c0 outsider:kernel:0xc000136c50 student:0xc00044b280] map[outsider:app:0xc0004765c0 outsider:kernel:0xc000136c58 student:0xc00044b2a0] {{0 0} 0 0 {{} 0} {{} 0}}}
2023/06/28 19:34:44 &{<nil> map[outsider:app:0xc00047c1c0 outsider:kernel:0xc000136c50 student:0xc00044b280] map[outsider:app:0xc0004765c0 outsider:kernel:0xc000136c58 student:0xc00044b2a0] {{0 0} 0 0 {{} 0} {{} 0}}}
2023/06/28 19:34:45 &{<nil> map[outsider:app:0xc00047c1c0 outsider:kernel:0xc000136c50 student:0xc00044b280] map[outsider:app:0xc0004765c0 outsider:kernel:0xc000136c58 student:0xc00044b2a0] {{0 0} 0 0 {{} 0} {{} 0}}}
2023/06/28 19:34:46 &{<nil> map[outsider:app:0xc00047c1c0 outsider:kernel:0xc000136c50 student:0xc00044b280] map[outsider:app:0xc0004765c0 outsider:kernel:0xc000136c58 student:0xc00044b2a0] {{0 0} 0 0 {{} 0} {{} 0}}}
2023/06/28 19:34:47 &{<nil> map[outsider:app:0xc00047c1c0 outsider:kernel:0xc000136c50 student:0xc00044b280] map[outsider:app:0xc0004765c0 outsider:kernel:0xc000136c58 student:0xc00044b2a0] {{0 0} 0 0 {{} 0} {{} 0}}}
2023/06/28 19:34:48 &{<nil> map[outsider:app:0xc00047c1c0 outsider:kernel:0xc000136c50 student:0xc00044b280] map[outsider:app:0xc0004765c0 outsider:kernel:0xc000136c58 student:0xc00044b2a0] {{0 0} 0 0 {{} 0} {{} 0}}}
2023/06/28 19:34:49 &{<nil> map[outsider:app:0xc00047c1c0 outsider:kernel:0xc000136c50 student:0xc00044b280] map[outsider:app:0xc0004765c0 outsider:kernel:0xc000136c58 student:0xc00044b2a0] {{0 0} 0 0 {{} 0} {{} 0}}}
daemon started
2023/06/28 19:35:01 excute command
2023/06/28 19:35:02 excute command
2023/06/28 19:35:03 excute command
2023/06/28 19:35:04 excute command
2023/06/28 19:35:05 excute command
2023/06/28 19:35:06 excute command
2023/06/28 19:35:07 excute command
2023/06/28 19:35:08 excute command
2023/06/28 19:35:09 excute command
2023/06/28 19:35:10 excute command
2023/06/28 19:35:11 excute command
2023/06/28 19:35:12 excute command
daemon started
2023/06/29 14:59:43 Foo1Command,every 2 seconds
2023/06/29 14:59:43 excute command,every second
2023/06/29 14:59:44 excute command,every second
2023/06/29 14:59:44 Foo1Command,every 2 seconds
2023/06/29 14:59:45 Foo1Command,every 2 seconds
2023/06/29 14:59:45 excute command,every second
2023/06/29 14:59:46 Foo1Command,every 2 seconds
2023/06/29 14:59:46 excute command,every second
2023/06/29 14:59:47 Foo1Command,every 2 seconds
2023/06/29 14:59:47 excute command,every second
2023/06/29 14:59:48 Foo1Command,every 2 seconds
2023/06/29 14:59:48 excute command,every second
2023/06/29 14:59:49 Foo1Command,every 2 seconds
2023/06/29 14:59:49 excute command,every second
2023/06/29 14:59:50 Foo1Command,every 2 seconds
2023/06/29 14:59:50 excute command,every second
2023/06/29 14:59:51 Foo1Command,every 2 seconds
2023/06/29 14:59:51 excute command,every second
2023/06/29 14:59:52 Foo1Command,every 2 seconds
2023/06/29 14:59:52 excute command,every second
2023/06/29 14:59:53 Foo1Command,every 2 seconds
2023/06/29 14:59:53 excute command,every second
2023/06/29 14:59:54 excute command,every second
2023/06/29 14:59:54 Foo1Command,every 2 seconds
2023/06/29 14:59:55 Foo1Command,every 2 seconds
2023/06/29 14:59:55 excute command,every second
2023/06/29 14:59:56 Foo1Command,every 2 seconds
2023/06/29 14:59:56 excute command,every second
2023/06/29 14:59:57 excute command,every second
2023/06/29 14:59:57 Foo1Command,every 2 seconds
2023/06/29 14:59:58 Foo1Command,every 2 seconds
2023/06/29 14:59:58 excute command,every second
2023/06/29 14:59:59 Foo1Command,every 2 seconds
2023/06/29 14:59:59 excute command,every second
2023/06/29 15:00:00 excute command,every second
2023/06/29 15:00:00 Foo1Command,every 2 seconds
2023/06/29 15:00:01 Foo1Command,every 2 seconds
2023/06/29 15:00:01 excute command,every second
2023/06/29 15:00:02 excute command,every second
2023/06/29 15:00:02 Foo1Command,every 2 seconds
2023/06/29 15:00:03 excute command,every second
2023/06/29 15:00:03 Foo1Command,every 2 seconds
2023/06/29 15:00:04 Foo1Command,every 2 seconds
2023/06/29 15:00:04 excute command,every second
2023/06/29 15:00:05 excute command,every second
2023/06/29 15:00:05 Foo1Command,every 2 seconds
2023/06/29 15:00:06 Foo1Command,every 2 seconds
2023/06/29 15:00:06 excute command,every second
2023/06/29 15:00:07 Foo1Command,every 2 seconds
2023/06/29 15:00:07 excute command,every second
2023/06/29 15:00:08 Foo1Command,every 2 seconds
2023/06/29 15:00:08 excute command,every second
2023/06/29 15:00:09 Foo1Command,every 2 seconds
2023/06/29 15:00:09 excute command,every second
2023/06/29 15:00:10 Foo1Command,every 2 seconds
2023/06/29 15:00:10 excute command,every second
2023/06/29 15:00:11 Foo1Command,every 2 seconds
2023/06/29 15:00:11 excute command,every second
2023/06/29 15:00:12 excute command,every second
2023/06/29 15:00:12 Foo1Command,every 2 seconds
2023/06/29 15:00:13 Foo1Command,every 2 seconds
2023/06/29 15:00:13 excute command,every second
2023/06/29 15:00:14 excute command,every second
2023/06/29 15:00:14 Foo1Command,every 2 seconds
2023/06/29 15:00:15 Foo1Command,every 2 seconds
2023/06/29 15:00:15 excute command,every second
2023/06/29 15:00:16 excute command,every second
2023/06/29 15:00:16 Foo1Command,every 2 seconds
2023/06/29 15:00:17 excute command,every second
2023/06/29 15:00:17 Foo1Command,every 2 seconds
2023/06/29 15:00:18 Foo1Command,every 2 seconds
2023/06/29 15:00:18 excute command,every second
2023/06/29 15:00:19 Foo1Command,every 2 seconds
2023/06/29 15:00:19 excute command,every second
2023/06/29 15:00:20 Foo1Command,every 2 seconds
2023/06/29 15:00:20 excute command,every second
2023/06/29 15:00:21 Foo1Command,every 2 seconds
2023/06/29 15:00:21 excute command,every second
2023/06/29 15:00:22 excute command,every second
2023/06/29 15:00:22 Foo1Command,every 2 seconds
2023/06/29 15:00:23 excute command,every second
2023/06/29 15:00:23 Foo1Command,every 2 seconds
2023/06/29 15:00:24 Foo1Command,every 2 seconds
2023/06/29 15:00:24 excute command,every second
2023/06/29 15:00:25 Foo1Command,every 2 seconds
2023/06/29 15:00:25 excute command,every second
2023/06/29 15:00:26 Foo1Command,every 2 seconds
2023/06/29 15:00:26 excute command,every second
2023/06/29 15:00:27 Foo1Command,every 2 seconds
2023/06/29 15:00:27 excute command,every second
2023/06/29 15:00:28 Foo1Command,every 2 seconds
2023/06/29 15:00:28 excute command,every second
2023/06/29 15:00:29 excute command,every second
2023/06/29 15:00:29 Foo1Command,every 2 seconds
2023/06/29 15:00:30 Foo1Command,every 2 seconds
2023/06/29 15:00:30 excute command,every second
2023/06/29 15:00:31 Foo1Command,every 2 seconds
2023/06/29 15:00:31 excute command,every second
2023/06/29 15:00:32 Foo1Command,every 2 seconds
2023/06/29 15:00:32 excute command,every second
2023/06/29 15:00:33 Foo1Command,every 2 seconds
2023/06/29 15:00:33 excute command,every second
2023/06/29 15:00:34 excute command,every second
2023/06/29 15:00:34 Foo1Command,every 2 seconds
2023/06/29 15:00:35 Foo1Command,every 2 seconds
2023/06/29 15:00:35 excute command,every second
2023/06/29 15:00:36 Foo1Command,every 2 seconds
2023/06/29 15:00:36 excute command,every second
2023/06/29 15:00:37 excute command,every second
2023/06/29 15:00:37 Foo1Command,every 2 seconds
2023/06/29 15:00:38 excute command,every second
2023/06/29 15:00:38 Foo1Command,every 2 seconds
2023/06/29 15:00:39 excute command,every second
2023/06/29 15:00:39 Foo1Command,every 2 seconds
2023/06/29 15:00:40 Foo1Command,every 2 seconds
2023/06/29 15:00:40 excute command,every second
2023/06/29 15:00:41 excute command,every second
2023/06/29 15:00:41 Foo1Command,every 2 seconds
2023/06/29 15:00:42 Foo1Command,every 2 seconds
2023/06/29 15:00:42 excute command,every second
2023/06/29 15:00:43 Foo1Command,every 2 seconds
2023/06/29 15:00:43 excute command,every second
2023/06/29 15:00:44 Foo1Command,every 2 seconds
2023/06/29 15:00:44 excute command,every second
2023/06/29 15:00:45 excute command,every second
2023/06/29 15:00:45 Foo1Command,every 2 seconds
2023/06/29 15:00:46 excute command,every second
2023/06/29 15:00:46 Foo1Command,every 2 seconds
2023/06/29 15:00:47 Foo1Command,every 2 seconds
2023/06/29 15:00:47 excute command,every second
2023/06/29 15:00:48 Foo1Command,every 2 seconds
2023/06/29 15:00:48 excute command,every second
2023/06/29 15:00:49 Foo1Command,every 2 seconds
2023/06/29 15:00:49 excute command,every second
2023/06/29 15:00:50 Foo1Command,every 2 seconds
2023/06/29 15:00:50 excute command,every second
2023/06/29 15:00:51 Foo1Command,every 2 seconds
2023/06/29 15:00:51 excute command,every second
2023/06/29 15:00:52 Foo1Command,every 2 seconds
2023/06/29 15:00:52 excute command,every second
2023/06/29 15:00:53 Foo1Command,every 2 seconds
2023/06/29 15:00:53 excute command,every second
2023/06/29 15:00:54 Foo1Command,every 2 seconds
2023/06/29 15:00:54 excute command,every second
